<?xml version="1.0" encoding="UTF-8" standalone="yes" ?>
<test-results name="D:\Projets\Exercism\delphi\atbash-cipher\AtbashCipher.exe" total="14" errors="0" failures="0" ignored="0" inconclusive="0" not-run="0" skipped="0" invalid="0" date="2022-03-01" time="0.004">
  <culture-info current-culture="en" current-uiculture="en" />
  <test-suite type="Assembly" name="AtbashCipher.exe" executed="true" result="Success" success="True" time="0.004" asserts="0">
    <results>
        <test-suite type="Namespace" name="uAtbashCipherTests" executed="true" result="Success" success="True" time="0.004" asserts="0" >
          <results>
              <test-suite type="Fixture" name="Test encoding from English to atbash" executed="True" result="Success" success="True" time="0.004" >
                <results>
                  <test-case name="encode_yes" executed="True" result="Success" success="True" time="0.001" asserts="0" />
                  <test-case name="encode_no" executed="True" result="Success" success="True" time="0.000" asserts="0" />
                  <test-case name="encode_OMG" executed="True" result="Success" success="True" time="0.000" asserts="0" />
                  <test-case name="encode_spaces" executed="True" result="Success" success="True" time="0.000" asserts="0" />
                  <test-case name="encode_mindblowingly" executed="True" result="Success" success="True" time="0.000" asserts="0" />
                  <test-case name="encode_numbers" executed="True" result="Success" success="True" time="0.000" asserts="0" />
                  <test-case name="encode_deep_thought" executed="True" result="Success" success="True" time="0.000" asserts="0" />
                  <test-case name="encode_all_the_letters" executed="True" result="Success" success="True" time="0.000" asserts="0" />
                </results>
              </test-suite>
          </results>
        </test-suite>
        <test-suite type="Fixture" name="Test decoding from atbash to English" executed="True" result="Success" success="True" time="0.002" >
          <results>
            <test-case name="decode_exercism" executed="True" result="Success" success="True" time="0.000" asserts="0" />
            <test-case name="decode_a_sentence" executed="True" result="Success" success="True" time="0.000" asserts="0" />
            <test-case name="decode_numbers" executed="True" result="Success" success="True" time="0.001" asserts="0" />
            <test-case name="decode_all_the_letters" executed="True" result="Success" success="True" time="0.000" asserts="0" />
            <test-case name="decode_with_too_many_spaces" executed="True" result="Success" success="True" time="0.000" asserts="0" />
            <test-case name="decode_with_no_spaces" executed="True" result="Success" success="True" time="0.000" asserts="0" />
          </results>
        </test-suite>
    </results>
  </test-suite>
</test-results>
